{"C:\\Users\\Gabri\\source\\repos\\VSCode\\GitHub\\NLW-Return-Files_React-TSX\\server\\src\\use-cases\\submit-feedback-use-case.ts": {"path":"C:\\Users\\Gabri\\source\\repos\\VSCode\\GitHub\\NLW-Return-Files_React-TSX\\server\\src\\use-cases\\submit-feedback-use-case.ts","all":false,"statementMap":{"0":{"start":{"line":1,"column":0},"end":{"line":1,"column":55}},"1":{"start":{"line":2,"column":0},"end":{"line":2,"column":75}},"2":{"start":{"line":3,"column":0},"end":{"line":3,"column":0}},"3":{"start":{"line":4,"column":0},"end":{"line":4,"column":40}},"4":{"start":{"line":5,"column":0},"end":{"line":5,"column":16}},"5":{"start":{"line":6,"column":0},"end":{"line":6,"column":19}},"6":{"start":{"line":7,"column":0},"end":{"line":7,"column":23}},"7":{"start":{"line":8,"column":0},"end":{"line":8,"column":1}},"8":{"start":{"line":9,"column":0},"end":{"line":9,"column":0}},"9":{"start":{"line":10,"column":0},"end":{"line":10,"column":36}},"10":{"start":{"line":11,"column":0},"end":{"line":11,"column":16}},"11":{"start":{"line":12,"column":0},"end":{"line":12,"column":57}},"12":{"start":{"line":13,"column":0},"end":{"line":13,"column":40}},"13":{"start":{"line":14,"column":0},"end":{"line":14,"column":8}},"14":{"start":{"line":15,"column":0},"end":{"line":15,"column":0}},"15":{"start":{"line":16,"column":0},"end":{"line":16,"column":58}},"16":{"start":{"line":17,"column":0},"end":{"line":17,"column":53}},"17":{"start":{"line":18,"column":0},"end":{"line":18,"column":0}},"18":{"start":{"line":19,"column":0},"end":{"line":19,"column":54}},"19":{"start":{"line":20,"column":0},"end":{"line":20,"column":0}},"20":{"start":{"line":21,"column":0},"end":{"line":21,"column":60}},"21":{"start":{"line":22,"column":0},"end":{"line":22,"column":0}},"22":{"start":{"line":23,"column":0},"end":{"line":23,"column":76}},"23":{"start":{"line":24,"column":0},"end":{"line":24,"column":56}},"24":{"start":{"line":25,"column":0},"end":{"line":25,"column":9}},"25":{"start":{"line":26,"column":0},"end":{"line":26,"column":0}},"26":{"start":{"line":27,"column":0},"end":{"line":27,"column":47}},"27":{"start":{"line":28,"column":0},"end":{"line":28,"column":17}},"28":{"start":{"line":29,"column":0},"end":{"line":29,"column":20}},"29":{"start":{"line":30,"column":0},"end":{"line":30,"column":22}},"30":{"start":{"line":31,"column":0},"end":{"line":31,"column":10}},"31":{"start":{"line":32,"column":0},"end":{"line":32,"column":0}},"32":{"start":{"line":33,"column":0},"end":{"line":33,"column":41}},"33":{"start":{"line":34,"column":0},"end":{"line":34,"column":37}},"34":{"start":{"line":35,"column":0},"end":{"line":35,"column":19}},"35":{"start":{"line":36,"column":0},"end":{"line":36,"column":87}},"36":{"start":{"line":37,"column":0},"end":{"line":37,"column":51}},"37":{"start":{"line":38,"column":0},"end":{"line":38,"column":60}},"38":{"start":{"line":39,"column":0},"end":{"line":39,"column":24}},"39":{"start":{"line":40,"column":0},"end":{"line":40,"column":24}},"40":{"start":{"line":41,"column":0},"end":{"line":41,"column":10}},"41":{"start":{"line":42,"column":0},"end":{"line":42,"column":5}},"42":{"start":{"line":43,"column":0},"end":{"line":43,"column":1}}},"s":{"0":1,"1":1,"2":1,"3":1,"4":1,"5":1,"6":1,"7":1,"8":1,"9":1,"10":1,"11":2,"12":2,"13":2,"14":1,"15":1,"16":4,"17":4,"18":4,"19":3,"20":4,"21":2,"22":4,"23":1,"24":1,"25":1,"26":1,"27":1,"28":1,"29":1,"30":1,"31":1,"32":1,"33":1,"34":1,"35":1,"36":1,"37":1,"38":1,"39":1,"40":1,"41":1,"42":1},"branchMap":{"0":{"type":"branch","line":11,"loc":{"start":{"line":11,"column":4},"end":{"line":14,"column":8}},"locations":[{"start":{"line":11,"column":4},"end":{"line":14,"column":8}}]},"1":{"type":"branch","line":16,"loc":{"start":{"line":16,"column":4},"end":{"line":42,"column":5}},"locations":[{"start":{"line":16,"column":4},"end":{"line":42,"column":5}}]},"2":{"type":"branch","line":19,"loc":{"start":{"line":19,"column":19},"end":{"line":19,"column":54}},"locations":[{"start":{"line":19,"column":19},"end":{"line":19,"column":54}}]},"3":{"type":"branch","line":20,"loc":{"start":{"line":20,"column":-2},"end":{"line":21,"column":22}},"locations":[{"start":{"line":20,"column":-2},"end":{"line":21,"column":22}}]},"4":{"type":"branch","line":21,"loc":{"start":{"line":21,"column":22},"end":{"line":21,"column":60}},"locations":[{"start":{"line":21,"column":22},"end":{"line":21,"column":60}}]},"5":{"type":"branch","line":22,"loc":{"start":{"line":22,"column":-2},"end":{"line":23,"column":73}},"locations":[{"start":{"line":22,"column":-2},"end":{"line":23,"column":73}}]},"6":{"type":"branch","line":23,"loc":{"start":{"line":23,"column":75},"end":{"line":42,"column":5}},"locations":[{"start":{"line":23,"column":75},"end":{"line":42,"column":5}}]}},"b":{"0":[2],"1":[4],"2":[1],"3":[3],"4":[1],"5":[2],"6":[1]},"fnMap":{"0":{"name":"SubmitFeedbackUseCase","decl":{"start":{"line":11,"column":4},"end":{"line":14,"column":8}},"loc":{"start":{"line":11,"column":4},"end":{"line":14,"column":8}},"line":11},"1":{"name":"execute","decl":{"start":{"line":16,"column":4},"end":{"line":42,"column":5}},"loc":{"start":{"line":16,"column":4},"end":{"line":42,"column":5}},"line":16}},"f":{"0":2,"1":4}}
}
